[debug] [2021-06-24T09:39:47.458Z] ----------------------------------------------------------------------
[debug] [2021-06-24T09:39:47.460Z] Command:       /usr/bin/node /home/erpadmin/website/new/source-code/node_modules/.bin/firebase deploy
[debug] [2021-06-24T09:39:47.460Z] CLI Version:   9.12.1
[debug] [2021-06-24T09:39:47.460Z] Platform:      linux
[debug] [2021-06-24T09:39:47.460Z] Node Version:  v14.17.0
[debug] [2021-06-24T09:39:47.460Z] Time:          Thu Jun 24 2021 15:09:47 GMT+0530 (India Standard Time)
[debug] [2021-06-24T09:39:47.460Z] ----------------------------------------------------------------------
[debug] 
[debug] [2021-06-24T09:39:47.489Z] > command requires scopes: ["email","openid","https://www.googleapis.com/auth/cloudplatformprojects.readonly","https://www.googleapis.com/auth/firebase","https://www.googleapis.com/auth/cloud-platform"]
[debug] [2021-06-24T09:39:47.489Z] > authorizing via signed-in user (webadmin@vjcet.org)
[debug] [2021-06-24T09:39:47.489Z] [iam] checking project vjcet-56e48 for permissions ["firebase.projects.get","firebasehosting.sites.update"]
[debug] [2021-06-24T09:39:47.490Z] > refreshing access token with scopes: ["email","https://www.googleapis.com/auth/cloud-platform","https://www.googleapis.com/auth/cloudplatformprojects.readonly","https://www.googleapis.com/auth/firebase","openid"]
[debug] [2021-06-24T09:39:47.490Z] >>> HTTP REQUEST POST https://www.googleapis.com/oauth2/v3/token  
 <request body omitted>
[debug] [2021-06-24T09:39:47.721Z] <<< HTTP RESPONSE 200 {"pragma":"no-cache","cache-control":"no-cache, no-store, max-age=0, must-revalidate","expires":"Mon, 01 Jan 1990 00:00:00 GMT","date":"Thu, 24 Jun 2021 09:39:47 GMT","content-type":"application/json; charset=utf-8","vary":"X-Origin, Referer, Origin,Accept-Encoding","server":"scaffolding on HTTPServer2","x-xss-protection":"0","x-frame-options":"SAMEORIGIN","x-content-type-options":"nosniff","alt-svc":"h3=\":443\"; ma=2592000,h3-29=\":443\"; ma=2592000,h3-T051=\":443\"; ma=2592000,h3-Q050=\":443\"; ma=2592000,h3-Q046=\":443\"; ma=2592000,h3-Q043=\":443\"; ma=2592000,quic=\":443\"; ma=2592000; v=\"46,43\"","accept-ranges":"none","transfer-encoding":"chunked"}
[debug] [2021-06-24T09:39:47.848Z] >>> HTTP REQUEST POST https://cloudresourcemanager.googleapis.com/v1/projects/vjcet-56e48:testIamPermissions  
 {"permissions":["firebase.projects.get","firebasehosting.sites.update"]}
[debug] [2021-06-24T09:39:49.234Z] <<< HTTP RESPONSE 200 {"content-type":"application/json; charset=UTF-8","vary":"X-Origin, Referer, Origin,Accept-Encoding","date":"Thu, 24 Jun 2021 09:39:49 GMT","server":"ESF","cache-control":"private","x-xss-protection":"0","x-frame-options":"SAMEORIGIN","x-content-type-options":"nosniff","server-timing":"gfet4t7; dur=1145","alt-svc":"h3=\":443\"; ma=2592000,h3-29=\":443\"; ma=2592000,h3-T051=\":443\"; ma=2592000,h3-Q050=\":443\"; ma=2592000,h3-Q046=\":443\"; ma=2592000,h3-Q043=\":443\"; ma=2592000,quic=\":443\"; ma=2592000; v=\"46,43\"","accept-ranges":"none","transfer-encoding":"chunked"}
[debug] [2021-06-24T09:39:49.235Z] > refreshing access token with scopes: []
[debug] [2021-06-24T09:39:49.235Z] >>> HTTP REQUEST POST https://www.googleapis.com/oauth2/v3/token  
 <request body omitted>
[debug] [2021-06-24T09:39:49.399Z] <<< HTTP RESPONSE 200 {"cache-control":"no-cache, no-store, max-age=0, must-revalidate","pragma":"no-cache","date":"Thu, 24 Jun 2021 09:39:49 GMT","expires":"Mon, 01 Jan 1990 00:00:00 GMT","content-type":"application/json; charset=utf-8","vary":"X-Origin, Referer, Origin,Accept-Encoding","server":"scaffolding on HTTPServer2","x-xss-protection":"0","x-frame-options":"SAMEORIGIN","x-content-type-options":"nosniff","alt-svc":"h3=\":443\"; ma=2592000,h3-29=\":443\"; ma=2592000,h3-T051=\":443\"; ma=2592000,h3-Q050=\":443\"; ma=2592000,h3-Q046=\":443\"; ma=2592000,h3-Q043=\":443\"; ma=2592000,quic=\":443\"; ma=2592000; v=\"46,43\"","accept-ranges":"none","transfer-encoding":"chunked"}
[debug] [2021-06-24T09:39:49.492Z] >>> [apiv2][query] GET https://firebase.googleapis.com/v1beta1/projects/vjcet-56e48 [none]
[debug] [2021-06-24T09:39:59.513Z] Failed to make request to https://firebase.googleapis.com/v1beta1/projects/vjcet-56e48
[debug] [2021-06-24T09:39:59.955Z] FirebaseError: Failed to make request to https://firebase.googleapis.com/v1beta1/projects/vjcet-56e48
    at Client.doRequest (/home/erpadmin/website/new/source-code/node_modules/firebase-tools/lib/apiv2.js:211:19)
    at processTicksAndRejections (internal/process/task_queues.js:95:5)
    at async Client.request (/home/erpadmin/website/new/source-code/node_modules/firebase-tools/lib/apiv2.js:96:20)
    at async Object.getFirebaseProject (/home/erpadmin/website/new/source-code/node_modules/firebase-tools/lib/management/projects.js:290:21)
    at async Object.getDefaultHostingSite (/home/erpadmin/website/new/source-code/node_modules/firebase-tools/lib/getDefaultHostingSite.js:8:21)
    at async requireHostingSite (/home/erpadmin/website/new/source-code/node_modules/firebase-tools/lib/requireHostingSite.js:9:18)
    at async Object.fn (/home/erpadmin/website/new/source-code/node_modules/firebase-tools/lib/commands/deploy.js:66:9)
    at async /home/erpadmin/website/new/source-code/node_modules/firebase-tools/lib/command.js:169:17
[error] 
[error] Error: Failed to get Firebase project vjcet-56e48. Please make sure the project exists and your account has permission to access it.
